<?xml version="1.0" encoding="UTF-8"?>
<!-- Generated by org.testng.reporters.JUnitReportReporter -->
<testsuite hostname="DESKTOP-7K9Q001" failures="0" tests="1" name="TYSS.Maven.AppTest" time="14.109" errors="0" timestamp="2019-11-08T16:33:33 IST" skipped="0">
  <testcase classname="TYSS.Maven.AppTest" name="mainTest" time="14.109"/>
</testsuite> <!-- TYSS.Maven.AppTest -->
